<?xml version="1.0" encoding="UTF-8"?>
<!-- Generated by org.testng.reporters.JUnitReportReporter -->
<testsuite skipped="0" hostname="Hemant-PC" name="ecommerce.shopping.Login" tests="1" failures="0" timestamp="06 Jan 2018 16:13:48 GMT" time="0.087" errors="0">
  <testcase name="login" time="0.087" classname="ecommerce.shopping.Login"/>
</testsuite> <!-- ecommerce.shopping.Login -->
