<?xml version="1.0" encoding="UTF-8"?>
<!-- Generated by org.testng.reporters.JUnitReportReporter -->
<testsuite skipped="0" hostname="Hemant-PC" name="ecommerce.shoppingTests.LoginTest" tests="4" failures="0" timestamp="31 Mar 2018 14:35:27 GMT" time="40.982" errors="0">
  <testcase name="searchItemAndAddToCart" time="2.864" classname="ecommerce.shoppingTests.LoginTest"/>
  <testcase name="loginTest" time="16.433" classname="ecommerce.shoppingTests.LoginTest"/>
  <testcase name="loginTest" time="7.181" classname="ecommerce.shoppingTests.LoginTest"/>
  <testcase name="loginTest" time="14.504" classname="ecommerce.shoppingTests.LoginTest"/>
</testsuite> <!-- ecommerce.shoppingTests.LoginTest -->
