<?xml version="1.0" encoding="UTF-8"?>
<!-- Generated by org.testng.reporters.JUnitReportReporter -->
<testsuite skipped="0" hostname="Hemant-PC" name="ecommerce.shopping.LoginTest" tests="3" failures="0" timestamp="13 Jan 2018 19:05:27 GMT" time="38.576" errors="0">
  <testcase name="loginTest" time="10.379" classname="ecommerce.shopping.LoginTest"/>
  <testcase name="loginTest" time="10.356" classname="ecommerce.shopping.LoginTest"/>
  <testcase name="loginTest" time="17.841" classname="ecommerce.shopping.LoginTest"/>
</testsuite> <!-- ecommerce.shopping.LoginTest -->
